2024-12-01T10:26:46.739+0100 INFO               [main]                         be.pxl.services.WinkelwagenTests - Starting WinkelwagenTests using Java 17.0.3.1 with PID 14428 (started by Administrator in C:\FullStackExamen\learning-microservices-with-spring-cloud-GiaDimi13\backend-java\ECommerce_DimitriGiannakos\winkelwagen-service)
2024-12-01T10:26:46.744+0100 DEBUG              [main]                         be.pxl.services.WinkelwagenTests - Running with Spring Boot v3.3.4, Spring v6.1.13
2024-12-01T10:26:46.745+0100 INFO               [main]                         be.pxl.services.WinkelwagenTests - No active profile set, falling back to 1 default profile: "default"
2024-12-01T10:26:59.966+0100 INFO               [main]                         be.pxl.services.WinkelwagenTests - Started WinkelwagenTests in 17.242 seconds (process running for 42.953)
2024-12-01T10:27:02.056+0100 INFO               [main]                         be.pxl.services.services.WinkelwagenService - Fetching winkelwagen with ID: 1
2024-12-01T10:27:02.345+0100 ERROR              [main]                         be.pxl.services.services.WinkelwagenService - Winkelwagen with ID 1 not found
2024-12-01T10:35:51.220+0100 INFO               [main]                         be.pxl.services.WinkelwagenTests - Starting WinkelwagenTests using Java 17.0.3.1 with PID 24968 (started by Administrator in C:\FullStackExamen\learning-microservices-with-spring-cloud-GiaDimi13\backend-java\ECommerce_DimitriGiannakos\winkelwagen-service)
2024-12-01T10:35:51.221+0100 DEBUG              [main]                         be.pxl.services.WinkelwagenTests - Running with Spring Boot v3.3.4, Spring v6.1.13
2024-12-01T10:35:51.223+0100 INFO               [main]                         be.pxl.services.WinkelwagenTests - No active profile set, falling back to 1 default profile: "default"
2024-12-01T10:36:04.036+0100 INFO               [main]                         be.pxl.services.WinkelwagenTests - Started WinkelwagenTests in 16.439 seconds (process running for 46.755)
2024-12-01T10:36:05.941+0100 INFO               [main]                         be.pxl.services.services.WinkelwagenService - Fetching winkelwagen with ID: 1
2024-12-01T10:36:05.991+0100 INFO               [main]                         be.pxl.services.services.WinkelwagenService - Winkelwagen found: Winkelwagen(id=1, products=null, quantity=5, totalPrice=110.0)
2024-12-01T10:39:19.700+0100 INFO               [main]                         be.pxl.services.WinkelwagenTests - Starting WinkelwagenTests using Java 17.0.3.1 with PID 21312 (started by Administrator in C:\FullStackExamen\learning-microservices-with-spring-cloud-GiaDimi13\backend-java\ECommerce_DimitriGiannakos\winkelwagen-service)
2024-12-01T10:39:19.702+0100 DEBUG              [main]                         be.pxl.services.WinkelwagenTests - Running with Spring Boot v3.3.4, Spring v6.1.13
2024-12-01T10:39:19.703+0100 INFO               [main]                         be.pxl.services.WinkelwagenTests - No active profile set, falling back to 1 default profile: "default"
2024-12-01T10:39:34.048+0100 INFO               [main]                         be.pxl.services.WinkelwagenTests - Started WinkelwagenTests in 19.05 seconds (process running for 48.572)
2024-12-01T10:39:35.671+0100 INFO               [main]                         be.pxl.services.services.WinkelwagenService - Fetching winkelwagen with ID: 1
2024-12-01T10:39:35.895+0100 ERROR              [main]                         be.pxl.services.services.WinkelwagenService - Winkelwagen with ID 1 not found
2024-12-01T10:41:03.757+0100 INFO               [main]                         be.pxl.services.WinkelwagenTests - Starting WinkelwagenTests using Java 17.0.3.1 with PID 31956 (started by Administrator in C:\FullStackExamen\learning-microservices-with-spring-cloud-GiaDimi13\backend-java\ECommerce_DimitriGiannakos\winkelwagen-service)
2024-12-01T10:41:03.760+0100 DEBUG              [main]                         be.pxl.services.WinkelwagenTests - Running with Spring Boot v3.3.4, Spring v6.1.13
2024-12-01T10:41:03.761+0100 INFO               [main]                         be.pxl.services.WinkelwagenTests - No active profile set, falling back to 1 default profile: "default"
2024-12-01T10:41:16.862+0100 INFO               [main]                         be.pxl.services.WinkelwagenTests - Started WinkelwagenTests in 17.375 seconds (process running for 45.2)
2024-12-01T10:41:19.039+0100 INFO               [main]                         be.pxl.services.services.WinkelwagenService - Fetching winkelwagen with ID: 1
2024-12-01T10:41:19.074+0100 INFO               [main]                         be.pxl.services.services.WinkelwagenService - Winkelwagen found: Winkelwagen(id=1, products=null, quantity=1, totalPrice=110.0)
2024-12-01T10:51:45.244+0100 INFO               [main]                         be.pxl.services.WinkelwagenTests - Starting WinkelwagenTests using Java 17.0.3.1 with PID 12000 (started by Administrator in C:\FullStackExamen\learning-microservices-with-spring-cloud-GiaDimi13\backend-java\ECommerce_DimitriGiannakos\winkelwagen-service)
2024-12-01T10:51:45.247+0100 DEBUG              [main]                         be.pxl.services.WinkelwagenTests - Running with Spring Boot v3.3.4, Spring v6.1.13
2024-12-01T10:51:45.249+0100 INFO               [main]                         be.pxl.services.WinkelwagenTests - No active profile set, falling back to 1 default profile: "default"
2024-12-01T10:51:57.974+0100 INFO               [main]                         be.pxl.services.WinkelwagenTests - Started WinkelwagenTests in 16.808 seconds (process running for 46.962)
2024-12-01T10:52:00.162+0100 INFO               [main]                         be.pxl.services.services.WinkelwagenService - Fetching winkelwagen with ID: 1
2024-12-01T10:52:00.197+0100 INFO               [main]                         be.pxl.services.services.WinkelwagenService - Winkelwagen found: Winkelwagen(id=1, products=null, quantity=1, totalPrice=110.0)
2024-12-01T10:54:33.778+0100 INFO               [main]                         be.pxl.services.WinkelwagenTests - Starting WinkelwagenTests using Java 17.0.3.1 with PID 3868 (started by Administrator in C:\FullStackExamen\learning-microservices-with-spring-cloud-GiaDimi13\backend-java\ECommerce_DimitriGiannakos\winkelwagen-service)
2024-12-01T10:54:33.780+0100 DEBUG              [main]                         be.pxl.services.WinkelwagenTests - Running with Spring Boot v3.3.4, Spring v6.1.13
2024-12-01T10:54:33.781+0100 INFO               [main]                         be.pxl.services.WinkelwagenTests - No active profile set, falling back to 1 default profile: "default"
2024-12-01T10:54:47.474+0100 INFO               [main]                         be.pxl.services.WinkelwagenTests - Started WinkelwagenTests in 18.15 seconds (process running for 48.656)
2024-12-01T10:54:49.824+0100 INFO               [main]                         be.pxl.services.services.WinkelwagenService - Fetching winkelwagen with ID: 1
2024-12-01T10:54:49.859+0100 INFO               [main]                         be.pxl.services.services.WinkelwagenService - Winkelwagen found: Winkelwagen(id=1, products=null, quantity=1, totalPrice=110.0)
2024-12-01T10:57:12.299+0100 INFO               [main]                         be.pxl.services.WinkelwagenTests - Starting WinkelwagenTests using Java 17.0.3.1 with PID 20068 (started by Administrator in C:\FullStackExamen\learning-microservices-with-spring-cloud-GiaDimi13\backend-java\ECommerce_DimitriGiannakos\winkelwagen-service)
2024-12-01T10:57:12.301+0100 DEBUG              [main]                         be.pxl.services.WinkelwagenTests - Running with Spring Boot v3.3.4, Spring v6.1.13
2024-12-01T10:57:12.304+0100 INFO               [main]                         be.pxl.services.WinkelwagenTests - No active profile set, falling back to 1 default profile: "default"
2024-12-01T10:57:25.858+0100 INFO               [main]                         be.pxl.services.WinkelwagenTests - Started WinkelwagenTests in 17.719 seconds (process running for 46.921)
2024-12-01T10:57:27.905+0100 INFO               [main]                         be.pxl.services.services.WinkelwagenService - Fetching winkelwagen with ID: 1
2024-12-01T10:57:27.947+0100 INFO               [main]                         be.pxl.services.services.WinkelwagenService - Winkelwagen found: Winkelwagen(id=1, products=null, quantity=1, totalPrice=110.0)
2024-12-01T11:03:44.015+0100 INFO               [main]                         be.pxl.services.WinkelwagenTests - Starting WinkelwagenTests using Java 17.0.3.1 with PID 10448 (started by Administrator in C:\FullStackExamen\learning-microservices-with-spring-cloud-GiaDimi13\backend-java\ECommerce_DimitriGiannakos\winkelwagen-service)
2024-12-01T11:03:44.017+0100 DEBUG              [main]                         be.pxl.services.WinkelwagenTests - Running with Spring Boot v3.3.4, Spring v6.1.13
2024-12-01T11:03:44.019+0100 INFO               [main]                         be.pxl.services.WinkelwagenTests - No active profile set, falling back to 1 default profile: "default"
2024-12-01T11:03:57.657+0100 INFO               [main]                         be.pxl.services.WinkelwagenTests - Started WinkelwagenTests in 17.976 seconds (process running for 47.697)
2024-12-01T11:03:59.550+0100 INFO               [main]                         be.pxl.services.services.WinkelwagenService - Fetching winkelwagen with ID: 1
2024-12-01T11:03:59.683+0100 INFO               [main]                         be.pxl.services.services.WinkelwagenService - Winkelwagen found: Winkelwagen(id=1, products=null, quantity=1, totalPrice=110.0)
2024-12-01T11:09:22.963+0100 INFO               [main]                         be.pxl.services.WinkelwagenTests - Starting WinkelwagenTests using Java 17.0.3.1 with PID 6768 (started by Administrator in C:\FullStackExamen\learning-microservices-with-spring-cloud-GiaDimi13\backend-java\ECommerce_DimitriGiannakos\winkelwagen-service)
2024-12-01T11:09:22.965+0100 DEBUG              [main]                         be.pxl.services.WinkelwagenTests - Running with Spring Boot v3.3.4, Spring v6.1.13
2024-12-01T11:09:22.967+0100 INFO               [main]                         be.pxl.services.WinkelwagenTests - No active profile set, falling back to 1 default profile: "default"
2024-12-01T11:09:36.078+0100 INFO               [main]                         be.pxl.services.WinkelwagenTests - Started WinkelwagenTests in 17.565 seconds (process running for 49.514)
2024-12-01T11:09:38.435+0100 INFO               [main]                         be.pxl.services.services.WinkelwagenService - Fetching winkelwagen with ID: 1
2024-12-01T11:09:38.472+0100 INFO               [main]                         be.pxl.services.services.WinkelwagenService - Winkelwagen found: Winkelwagen(id=1, products=null, quantity=1, totalPrice=110.0)
