2024-12-02T17:10:48.389+0100 INFO               [main]                         be.pxl.services.WinkelwagenTests - Starting WinkelwagenTests using Java 17.0.3.1 with PID 22892 (started by Administrator in C:\FullStackExamen\learning-microservices-with-spring-cloud-GiaDimi13\backend-java\ECommerce_DimitriGiannakos\winkelwagen-service)
2024-12-02T17:10:48.398+0100 DEBUG              [main]                         be.pxl.services.WinkelwagenTests - Running with Spring Boot v3.3.4, Spring v6.1.13
2024-12-02T17:10:48.400+0100 INFO               [main]                         be.pxl.services.WinkelwagenTests - No active profile set, falling back to 1 default profile: "default"
2024-12-02T17:11:00.729+0100 INFO               [main]                         be.pxl.services.WinkelwagenTests - Started WinkelwagenTests in 15.09 seconds (process running for 46.244)
2024-12-02T17:11:03.280+0100 INFO               [main]                         be.pxl.services.services.WinkelwagenService - Fetching winkelwagen with ID: 1
2024-12-02T17:11:03.324+0100 INFO               [main]                         be.pxl.services.services.WinkelwagenService - Winkelwagen found: Winkelwagen(id=1, products=null, quantity=1, totalPrice=110.0)
2024-12-02T17:16:47.340+0100 INFO               [main]                         be.pxl.services.WinkelwagenTests - Starting WinkelwagenTests using Java 17.0.3.1 with PID 14508 (started by Administrator in C:\FullStackExamen\learning-microservices-with-spring-cloud-GiaDimi13\backend-java\ECommerce_DimitriGiannakos\winkelwagen-service)
2024-12-02T17:16:47.342+0100 DEBUG              [main]                         be.pxl.services.WinkelwagenTests - Running with Spring Boot v3.3.4, Spring v6.1.13
2024-12-02T17:16:47.343+0100 INFO               [main]                         be.pxl.services.WinkelwagenTests - No active profile set, falling back to 1 default profile: "default"
2024-12-02T17:16:59.650+0100 INFO               [main]                         be.pxl.services.WinkelwagenTests - Started WinkelwagenTests in 14.943 seconds (process running for 45.248)
2024-12-02T17:17:01.501+0100 INFO               [main]                         be.pxl.services.services.WinkelwagenService - Fetching winkelwagen with ID: 1
2024-12-02T17:17:01.537+0100 INFO               [main]                         be.pxl.services.services.WinkelwagenService - Winkelwagen found: Winkelwagen(id=1, products=null, quantity=1, totalPrice=110.0)
2024-12-02T17:22:40.951+0100 INFO               [main]                         be.pxl.services.WinkelwagenTests - Starting WinkelwagenTests using Java 17.0.3.1 with PID 32164 (started by Administrator in C:\FullStackExamen\learning-microservices-with-spring-cloud-GiaDimi13\backend-java\ECommerce_DimitriGiannakos\winkelwagen-service)
2024-12-02T17:22:40.953+0100 DEBUG              [main]                         be.pxl.services.WinkelwagenTests - Running with Spring Boot v3.3.4, Spring v6.1.13
2024-12-02T17:22:40.954+0100 INFO               [main]                         be.pxl.services.WinkelwagenTests - No active profile set, falling back to 1 default profile: "default"
2024-12-02T17:22:51.728+0100 INFO               [main]                         be.pxl.services.WinkelwagenTests - Started WinkelwagenTests in 13.26 seconds (process running for 43.346)
2024-12-02T17:22:53.445+0100 INFO               [main]                         be.pxl.services.services.WinkelwagenService - Fetching winkelwagen with ID: 1
2024-12-02T17:22:53.483+0100 INFO               [main]                         be.pxl.services.services.WinkelwagenService - Winkelwagen found: Winkelwagen(id=1, products=null, quantity=1, totalPrice=110.0)
2024-12-02T17:28:26.970+0100 INFO               [main]                         be.pxl.services.WinkelwagenTests - Starting WinkelwagenTests using Java 17.0.3.1 with PID 2884 (started by Administrator in C:\FullStackExamen\learning-microservices-with-spring-cloud-GiaDimi13\backend-java\ECommerce_DimitriGiannakos\winkelwagen-service)
2024-12-02T17:28:26.973+0100 DEBUG              [main]                         be.pxl.services.WinkelwagenTests - Running with Spring Boot v3.3.4, Spring v6.1.13
2024-12-02T17:28:26.976+0100 INFO               [main]                         be.pxl.services.WinkelwagenTests - No active profile set, falling back to 1 default profile: "default"
2024-12-02T17:28:41.848+0100 INFO               [main]                         be.pxl.services.WinkelwagenTests - Started WinkelwagenTests in 18.731 seconds (process running for 47.391)
2024-12-02T17:28:44.204+0100 INFO               [main]                         be.pxl.services.services.WinkelwagenService - Fetching winkelwagen with ID: 1
2024-12-02T17:28:44.531+0100 INFO               [main]                         be.pxl.services.services.WinkelwagenService - Winkelwagen found: Winkelwagen(id=1, products=null, quantity=1, totalPrice=110.0)
2024-12-02T17:40:01.509+0100 INFO               [main]                         be.pxl.services.WinkelwagenTests - Starting WinkelwagenTests using Java 17.0.3.1 with PID 26552 (started by Administrator in C:\FullStackExamen\learning-microservices-with-spring-cloud-GiaDimi13\backend-java\ECommerce_DimitriGiannakos\winkelwagen-service)
2024-12-02T17:40:01.511+0100 DEBUG              [main]                         be.pxl.services.WinkelwagenTests - Running with Spring Boot v3.3.4, Spring v6.1.13
2024-12-02T17:40:01.512+0100 INFO               [main]                         be.pxl.services.WinkelwagenTests - No active profile set, falling back to 1 default profile: "default"
2024-12-02T17:43:15.096+0100 INFO               [main]                         be.pxl.services.WinkelwagenTests - Starting WinkelwagenTests using Java 17.0.3.1 with PID 16076 (started by Administrator in C:\FullStackExamen\learning-microservices-with-spring-cloud-GiaDimi13\backend-java\ECommerce_DimitriGiannakos\winkelwagen-service)
2024-12-02T17:43:15.099+0100 DEBUG              [main]                         be.pxl.services.WinkelwagenTests - Running with Spring Boot v3.3.4, Spring v6.1.13
2024-12-02T17:43:15.102+0100 INFO               [main]                         be.pxl.services.WinkelwagenTests - No active profile set, falling back to 1 default profile: "default"
2024-12-02T17:48:05.426+0100 INFO               [main]                         be.pxl.services.WinkelwagenTests - Starting WinkelwagenTests using Java 17.0.3.1 with PID 3904 (started by Administrator in C:\FullStackExamen\learning-microservices-with-spring-cloud-GiaDimi13\backend-java\ECommerce_DimitriGiannakos\winkelwagen-service)
2024-12-02T17:48:05.433+0100 DEBUG              [main]                         be.pxl.services.WinkelwagenTests - Running with Spring Boot v3.3.4, Spring v6.1.13
2024-12-02T17:48:05.435+0100 INFO               [main]                         be.pxl.services.WinkelwagenTests - No active profile set, falling back to 1 default profile: "default"
2024-12-02T18:11:01.678+0100 INFO               [main]                         be.pxl.services.WinkelwagenTests - Starting WinkelwagenTests using Java 17.0.3.1 with PID 12156 (started by Administrator in C:\FullStackExamen\learning-microservices-with-spring-cloud-GiaDimi13\backend-java\ECommerce_DimitriGiannakos\winkelwagen-service)
2024-12-02T18:11:01.680+0100 DEBUG              [main]                         be.pxl.services.WinkelwagenTests - Running with Spring Boot v3.3.4, Spring v6.1.13
2024-12-02T18:11:01.681+0100 INFO               [main]                         be.pxl.services.WinkelwagenTests - No active profile set, falling back to 1 default profile: "default"
2024-12-02T18:11:13.520+0100 INFO               [main]                         be.pxl.services.WinkelwagenTests - Started WinkelwagenTests in 13.829 seconds (process running for 32.022)
2024-12-02T18:11:15.341+0100 INFO               [main]                         be.pxl.services.services.WinkelwagenService - Fetching winkelwagen with ID: 1
2024-12-02T18:11:15.383+0100 INFO               [main]                         be.pxl.services.services.WinkelwagenService - Winkelwagen found: Winkelwagen(id=1, products=null, quantity=1, totalPrice=110.0)
2024-12-02T18:12:09.250+0100 INFO               [main]                         be.pxl.services.WinkelwagenTests - Starting WinkelwagenTests using Java 17.0.3.1 with PID 532 (started by Administrator in C:\FullStackExamen\learning-microservices-with-spring-cloud-GiaDimi13\backend-java\ECommerce_DimitriGiannakos\winkelwagen-service)
2024-12-02T18:12:09.254+0100 DEBUG              [main]                         be.pxl.services.WinkelwagenTests - Running with Spring Boot v3.3.4, Spring v6.1.13
2024-12-02T18:12:09.255+0100 INFO               [main]                         be.pxl.services.WinkelwagenTests - No active profile set, falling back to 1 default profile: "default"
2024-12-02T18:12:31.108+0100 INFO               [main]                         be.pxl.services.WinkelwagenTests - Started WinkelwagenTests in 27.2 seconds (process running for 48.539)
2024-12-02T18:12:34.381+0100 INFO               [main]                         be.pxl.services.services.WinkelwagenService - Fetching winkelwagen with ID: 1
2024-12-02T18:12:34.729+0100 INFO               [main]                         be.pxl.services.services.WinkelwagenService - Winkelwagen found: Winkelwagen(id=1, products=null, quantity=1, totalPrice=110.0)
2024-12-02T18:15:07.747+0100 INFO               [main]                         be.pxl.services.WinkelwagenTests - Starting WinkelwagenTests using Java 17.0.3.1 with PID 32460 (started by Administrator in C:\FullStackExamen\learning-microservices-with-spring-cloud-GiaDimi13\backend-java\ECommerce_DimitriGiannakos\winkelwagen-service)
2024-12-02T18:15:07.751+0100 DEBUG              [main]                         be.pxl.services.WinkelwagenTests - Running with Spring Boot v3.3.4, Spring v6.1.13
2024-12-02T18:15:07.753+0100 INFO               [main]                         be.pxl.services.WinkelwagenTests - No active profile set, falling back to 1 default profile: "default"
2024-12-02T18:15:20.687+0100 INFO               [main]                         be.pxl.services.WinkelwagenTests - Started WinkelwagenTests in 16.467 seconds (process running for 42.902)
2024-12-02T18:15:22.409+0100 INFO               [main]                         be.pxl.services.services.WinkelwagenService - Fetching winkelwagen with ID: 1
2024-12-02T18:15:22.544+0100 INFO               [main]                         be.pxl.services.services.WinkelwagenService - Winkelwagen found: Winkelwagen(id=1, products=null, quantity=1, totalPrice=110.0)
2024-12-02T18:21:14.859+0100 INFO               [main]                         be.pxl.services.WinkelwagenTests - Starting WinkelwagenTests using Java 17.0.3.1 with PID 25732 (started by Administrator in C:\FullStackExamen\learning-microservices-with-spring-cloud-GiaDimi13\backend-java\ECommerce_DimitriGiannakos\winkelwagen-service)
2024-12-02T18:21:14.861+0100 DEBUG              [main]                         be.pxl.services.WinkelwagenTests - Running with Spring Boot v3.3.4, Spring v6.1.13
2024-12-02T18:21:14.862+0100 INFO               [main]                         be.pxl.services.WinkelwagenTests - No active profile set, falling back to 1 default profile: "default"
2024-12-02T18:21:27.382+0100 INFO               [main]                         be.pxl.services.WinkelwagenTests - Started WinkelwagenTests in 15.648 seconds (process running for 51.442)
2024-12-02T18:21:28.867+0100 INFO               [main]                         be.pxl.services.services.WinkelwagenService - Fetching winkelwagen with ID: 1
2024-12-02T18:21:29.175+0100 ERROR              [main]                         be.pxl.services.services.WinkelwagenService - Winkelwagen with ID 1 not found
2024-12-02T18:23:39.058+0100 INFO               [main]                         be.pxl.services.WinkelwagenTests - Starting WinkelwagenTests using Java 17.0.3.1 with PID 21716 (started by Administrator in C:\FullStackExamen\learning-microservices-with-spring-cloud-GiaDimi13\backend-java\ECommerce_DimitriGiannakos\winkelwagen-service)
2024-12-02T18:23:39.060+0100 DEBUG              [main]                         be.pxl.services.WinkelwagenTests - Running with Spring Boot v3.3.4, Spring v6.1.13
2024-12-02T18:23:39.062+0100 INFO               [main]                         be.pxl.services.WinkelwagenTests - No active profile set, falling back to 1 default profile: "default"
2024-12-02T18:23:51.126+0100 INFO               [main]                         be.pxl.services.WinkelwagenTests - Started WinkelwagenTests in 14.072 seconds (process running for 37.289)
2024-12-02T18:23:52.774+0100 INFO               [main]                         be.pxl.services.services.WinkelwagenService - Fetching winkelwagen with ID: 1
2024-12-02T18:23:53.044+0100 ERROR              [main]                         be.pxl.services.services.WinkelwagenService - Winkelwagen with ID 1 not found
2024-12-02T18:24:39.696+0100 INFO               [main]                         be.pxl.services.WinkelwagenTests - Starting WinkelwagenTests using Java 17.0.3.1 with PID 3808 (started by Administrator in C:\FullStackExamen\learning-microservices-with-spring-cloud-GiaDimi13\backend-java\ECommerce_DimitriGiannakos\winkelwagen-service)
2024-12-02T18:24:39.698+0100 DEBUG              [main]                         be.pxl.services.WinkelwagenTests - Running with Spring Boot v3.3.4, Spring v6.1.13
2024-12-02T18:24:39.700+0100 INFO               [main]                         be.pxl.services.WinkelwagenTests - No active profile set, falling back to 1 default profile: "default"
2024-12-02T18:24:52.180+0100 INFO               [main]                         be.pxl.services.WinkelwagenTests - Started WinkelwagenTests in 15.05 seconds (process running for 37.368)
2024-12-02T18:24:53.992+0100 INFO               [main]                         be.pxl.services.services.WinkelwagenService - Fetching winkelwagen with ID: 1
2024-12-02T18:24:54.035+0100 INFO               [main]                         be.pxl.services.services.WinkelwagenService - Winkelwagen found: Winkelwagen(id=1, products=null, quantity=1, totalPrice=110.0)
2024-12-02T18:26:30.329+0100 INFO               [main]                         be.pxl.services.WinkelwagenTests - Starting WinkelwagenTests using Java 17.0.3.1 with PID 29836 (started by Administrator in C:\FullStackExamen\learning-microservices-with-spring-cloud-GiaDimi13\backend-java\ECommerce_DimitriGiannakos\winkelwagen-service)
2024-12-02T18:26:30.333+0100 DEBUG              [main]                         be.pxl.services.WinkelwagenTests - Running with Spring Boot v3.3.4, Spring v6.1.13
2024-12-02T18:26:30.337+0100 INFO               [main]                         be.pxl.services.WinkelwagenTests - No active profile set, falling back to 1 default profile: "default"
2024-12-02T18:26:45.294+0100 INFO               [main]                         be.pxl.services.WinkelwagenTests - Started WinkelwagenTests in 19.074 seconds (process running for 36.68)
2024-12-02T18:26:48.067+0100 INFO               [main]                         be.pxl.services.services.WinkelwagenService - Fetching winkelwagen with ID: 1
2024-12-02T18:26:48.353+0100 INFO               [main]                         be.pxl.services.services.WinkelwagenService - Winkelwagen found: Winkelwagen(id=1, products=null, quantity=1, totalPrice=110.0)
2024-12-02T18:29:15.727+0100 INFO               [main]                         be.pxl.services.WinkelwagenTests - Starting WinkelwagenTests using Java 17.0.3.1 with PID 16680 (started by Administrator in C:\FullStackExamen\learning-microservices-with-spring-cloud-GiaDimi13\backend-java\ECommerce_DimitriGiannakos\winkelwagen-service)
2024-12-02T18:29:15.729+0100 DEBUG              [main]                         be.pxl.services.WinkelwagenTests - Running with Spring Boot v3.3.4, Spring v6.1.13
2024-12-02T18:29:15.731+0100 INFO               [main]                         be.pxl.services.WinkelwagenTests - No active profile set, falling back to 1 default profile: "default"
2024-12-02T18:29:26.765+0100 INFO               [main]                         be.pxl.services.WinkelwagenTests - Started WinkelwagenTests in 13.182 seconds (process running for 30.758)
2024-12-02T18:29:28.623+0100 INFO               [main]                         be.pxl.services.services.WinkelwagenService - Fetching winkelwagen with ID: 1
2024-12-02T18:29:28.784+0100 INFO               [main]                         be.pxl.services.services.WinkelwagenService - Winkelwagen found: Winkelwagen(id=1, products=null, quantity=1, totalPrice=110.0)
2024-12-02T18:33:17.641+0100 INFO               [main]                         be.pxl.services.WinkelwagenTests - Starting WinkelwagenTests using Java 17.0.3.1 with PID 29112 (started by Administrator in C:\FullStackExamen\learning-microservices-with-spring-cloud-GiaDimi13\backend-java\ECommerce_DimitriGiannakos\winkelwagen-service)
2024-12-02T18:33:17.644+0100 DEBUG              [main]                         be.pxl.services.WinkelwagenTests - Running with Spring Boot v3.3.4, Spring v6.1.13
2024-12-02T18:33:17.646+0100 INFO               [main]                         be.pxl.services.WinkelwagenTests - No active profile set, falling back to 1 default profile: "default"
2024-12-02T18:33:29.539+0100 INFO               [main]                         be.pxl.services.WinkelwagenTests - Started WinkelwagenTests in 14.048 seconds (process running for 31.599)
2024-12-02T18:33:31.281+0100 INFO               [main]                         be.pxl.services.services.WinkelwagenService - Fetching winkelwagen with ID: 1
2024-12-02T18:33:31.433+0100 INFO               [main]                         be.pxl.services.services.WinkelwagenService - Winkelwagen found: Winkelwagen(id=1, products=null, quantity=1, totalPrice=110.0)
2024-12-02T18:36:36.102+0100 INFO               [main]                         be.pxl.services.WinkelwagenTests - Starting WinkelwagenTests using Java 17.0.3.1 with PID 24356 (started by Administrator in C:\FullStackExamen\learning-microservices-with-spring-cloud-GiaDimi13\backend-java\ECommerce_DimitriGiannakos\winkelwagen-service)
2024-12-02T18:36:36.104+0100 DEBUG              [main]                         be.pxl.services.WinkelwagenTests - Running with Spring Boot v3.3.4, Spring v6.1.13
2024-12-02T18:36:36.106+0100 INFO               [main]                         be.pxl.services.WinkelwagenTests - No active profile set, falling back to 1 default profile: "default"
2024-12-02T18:36:53.493+0100 INFO               [main]                         be.pxl.services.WinkelwagenTests - Started WinkelwagenTests in 19.466 seconds (process running for 39.264)
2024-12-02T18:41:36.669+0100 INFO               [main]                         be.pxl.services.WinkelwagenTests - Starting WinkelwagenTests using Java 17.0.3.1 with PID 32832 (started by Administrator in C:\FullStackExamen\learning-microservices-with-spring-cloud-GiaDimi13\backend-java\ECommerce_DimitriGiannakos\winkelwagen-service)
2024-12-02T18:41:36.670+0100 DEBUG              [main]                         be.pxl.services.WinkelwagenTests - Running with Spring Boot v3.3.4, Spring v6.1.13
2024-12-02T18:41:36.671+0100 INFO               [main]                         be.pxl.services.WinkelwagenTests - No active profile set, falling back to 1 default profile: "default"
2024-12-02T18:41:52.936+0100 INFO               [main]                         be.pxl.services.WinkelwagenTests - Started WinkelwagenTests in 18.243 seconds (process running for 37.355)
2024-12-02T18:45:35.589+0100 INFO               [main]                         be.pxl.services.WinkelwagenTests - Starting WinkelwagenTests using Java 17.0.3.1 with PID 3456 (started by Administrator in C:\FullStackExamen\learning-microservices-with-spring-cloud-GiaDimi13\backend-java\ECommerce_DimitriGiannakos\winkelwagen-service)
2024-12-02T18:45:35.591+0100 DEBUG              [main]                         be.pxl.services.WinkelwagenTests - Running with Spring Boot v3.3.4, Spring v6.1.13
2024-12-02T18:45:35.592+0100 INFO               [main]                         be.pxl.services.WinkelwagenTests - No active profile set, falling back to 1 default profile: "default"
2024-12-02T18:45:49.953+0100 INFO               [main]                         be.pxl.services.WinkelwagenTests - Started WinkelwagenTests in 16.508 seconds (process running for 34.987)
2024-12-02T18:47:55.758+0100 INFO               [main]                         be.pxl.services.WinkelwagenTests - Starting WinkelwagenTests using Java 17.0.3.1 with PID 27944 (started by Administrator in C:\FullStackExamen\learning-microservices-with-spring-cloud-GiaDimi13\backend-java\ECommerce_DimitriGiannakos\winkelwagen-service)
2024-12-02T18:47:55.760+0100 DEBUG              [main]                         be.pxl.services.WinkelwagenTests - Running with Spring Boot v3.3.4, Spring v6.1.13
2024-12-02T18:47:55.761+0100 INFO               [main]                         be.pxl.services.WinkelwagenTests - No active profile set, falling back to 1 default profile: "default"
2024-12-02T18:48:11.523+0100 INFO               [main]                         be.pxl.services.WinkelwagenTests - Started WinkelwagenTests in 17.695 seconds (process running for 36.932)
